<?xml version="1.0" encoding="UTF-8"?>
<!-- Generated by org.testng.reporters.JUnitReportReporter -->
<testsuite hostname="RICKU" failures="0" tests="4" name="com.jenkins.Email.TestExx" time="19.215" errors="0" timestamp="2023-09-09T08:37:33 IST" skipped="0">
  <testcase classname="com.jenkins.Email.TestExx" name="modify" time="11.999">
    <system-out>
      <![CDATA[Modify]]>
    </system-out>
  </testcase> <!-- modify -->
  <testcase classname="com.jenkins.Email.TestExx" name="create" time="2.230">
    <system-out>
      <![CDATA[Create]]>
    </system-out>
  </testcase> <!-- create -->
  <testcase classname="com.jenkins.Email.TestExx" name="create" time="4.408">
    <system-out>
      <![CDATA[Create]]>
    </system-out>
  </testcase> <!-- create -->
  <testcase classname="com.jenkins.Email.TestExx" name="modify" time="0.578">
    <system-out>
      <![CDATA[Modify]]>
    </system-out>
  </testcase> <!-- modify -->
  <system-out>
    <![CDATA[Open
Open
Login
Create
Logout
Login
Modify
Logout
Close
Login
Create
Logout
Login
Modify
Logout
Close]]>
  </system-out>
</testsuite> <!-- com.jenkins.Email.TestExx -->
